Package: lelde
Fetcher: git
Source:  file:///home/lieutar/work/emacs/packages/lelde.el

Updating /home/lieutar/work/emacs/looper-elpa/working/lelde/
Checking out 6a0e3d28a9d505e448634e9d496d543bc07555e7
Copying files (->) and directories (=>)
  from /home/lieutar/work/emacs/looper-elpa/working/lelde/
  to /tmp/leldebcg73A/lelde-20250425.705
    lelde.el -> lelde.el
    rsc => rsc
Created lelde-20250425.705.tar containing:
  lelde-20250425.705/
  lelde-20250425.705/lelde-pkg.el
  lelde-20250425.705/lelde.el
  lelde-20250425.705/rsc/
  lelde-20250425.705/rsc/bootstrap/
  lelde-20250425.705/rsc/bootstrap/init.sh
  lelde-20250425.705/rsc/common/
  lelde-20250425.705/rsc/common/index-header.el
  lelde-20250425.705/rsc/template/
  lelde-20250425.705/rsc/template/@@.gitignore
  lelde-20250425.705/rsc/template/@recipe-dir@/
  lelde-20250425.705/rsc/template/@recipe-dir@/@index@
  lelde-20250425.705/rsc/template/@scripts-dir@/
  lelde-20250425.705/rsc/template/@scripts-dir@/lcask
  lelde-20250425.705/rsc/template/@scripts-dir@/test
  lelde-20250425.705/rsc/template/@scripts-dir@/truncate
  lelde-20250425.705/rsc/template/@src-dir@/
  lelde-20250425.705/rsc/template/@src-dir@/@index@.src.el
  lelde-20250425.705/rsc/template/@src-dir@/@index@/
  lelde-20250425.705/rsc/template/@src-dir@/@index@/META.el
  lelde-20250425.705/rsc/template/@src-dir@/@index@/core.el
  lelde-20250425.705/rsc/template/@src-dir@/README.md
  lelde-20250425.705/rsc/template/@test-scripts-dir@/
  lelde-20250425.705/rsc/template/@test-scripts-dir@/core.unit.el
  lelde-20250425.705/rsc/template/@test-scripts-dir@/integration-lint.test.el
  lelde-20250425.705/rsc/template/Cask
  lelde-20250425.705/rsc/template/Cask.local@@
  lelde-20250425.705/rsc/template/Lelde
  lelde-20250425.705/rsc/template/Makefile
  lelde-20250425.705/rsc/template/custom.mk
 ✓ Success:
  2025-04-24T12:46:15+0000  lelde-20250424.914.entry
  2025-04-24T12:46:12+0000  lelde-20250424.914.tar
  2025-04-25T07:18:46+0000  lelde-20250425.705.entry
  2025-04-25T07:18:46+0000  lelde-20250425.705.tar
Built lelde in 0.402s, finished at 2025-04-25T07:18:46+0000
